This is pdfTeX, Version 3.141592653-2.6-1.40.26 (TeX Live 2024) (preloaded format=pdflatex 2025.1.21)  21 JAN 2025 11:47
entering extended mode
 restricted \write18 enabled.
 %&-line parsing enabled.
**paper_oxford.tex
(./paper_oxford.tex
LaTeX2e <2024-11-01> patch level 1
L3 programming layer <2024-12-25>
(./oup-authoring-template.cls
Document Class: oup-authoring-template 2022/03/18 1.1
(/Users/morgan.sparks/Library/TinyTeX/texmf-dist/tex/latex/crop/crop.sty
Package: crop 2017/11/19 1.10 crop marks (mf)
(/Users/morgan.sparks/Library/TinyTeX/texmf-dist/tex/generic/iftex/ifluatex.sty
Package: ifluatex 2019/10/25 v1.5 ifluatex legacy package. Use iftex instead.
(/Users/morgan.sparks/Library/TinyTeX/texmf-dist/tex/generic/iftex/iftex.sty
Package: iftex 2024/12/12 v1.0g TeX engine tests
))
\CROP@index=\count196
(/Users/morgan.sparks/Library/TinyTeX/texmf-dist/tex/latex/graphics/color.sty
Package: color 2024/06/23 v1.3e Standard LaTeX Color (DPC)
(/Users/morgan.sparks/Library/TinyTeX/texmf-dist/tex/latex/graphics-cfg/color.cfg
File: color.cfg 2016/01/02 v1.6 sample color configuration
)
Package color Info: Driver file: pdftex.def on input line 149.
(/Users/morgan.sparks/Library/TinyTeX/texmf-dist/tex/latex/graphics-def/pdftex.def
File: pdftex.def 2024/04/13 v1.2c Graphics/color driver for pdftex
) (/Users/morgan.sparks/Library/TinyTeX/texmf-dist/tex/latex/graphics/mathcolor.ltx)) (/Users/morgan.sparks/Library/TinyTeX/texmf-dist/tex/latex/graphics/graphics.sty
Package: graphics 2024/08/06 v1.4g Standard LaTeX Graphics (DPC,SPQR)
(/Users/morgan.sparks/Library/TinyTeX/texmf-dist/tex/latex/graphics/trig.sty
Package: trig 2023/12/02 v1.11 sin cos tan (DPC)
) (/Users/morgan.sparks/Library/TinyTeX/texmf-dist/tex/latex/graphics-cfg/graphics.cfg
File: graphics.cfg 2016/06/04 v1.11 sample graphics configuration
)
Package graphics Info: Driver file: pdftex.def on input line 106.
)
\CROP@offset=\count197
Package crop Info: Local config file crop.cfg used on input line 622.
(/Users/morgan.sparks/Library/TinyTeX/texmf-dist/tex/xelatex/xetexconfig/crop.cfg)) (/Users/morgan.sparks/Library/TinyTeX/texmf-dist/tex/latex/graphics/graphicx.sty
Package: graphicx 2021/09/16 v1.2d Enhanced LaTeX Graphics (DPC,SPQR)
(/Users/morgan.sparks/Library/TinyTeX/texmf-dist/tex/latex/graphics/keyval.sty
Package: keyval 2022/05/29 v1.15 key=value parser (DPC)
\KV@toks@=\toks17
)
\Gin@req@height=\dimen141
\Gin@req@width=\dimen142
) (/Users/morgan.sparks/Library/TinyTeX/texmf-dist/tex/latex/caption/caption.sty
Package: caption 2023/08/05 v3.6o Customizing captions (AR)
(/Users/morgan.sparks/Library/TinyTeX/texmf-dist/tex/latex/caption/caption3.sty
Package: caption3 2023/07/31 v2.4d caption3 kernel (AR)
\caption@tempdima=\dimen143
\captionmargin=\dimen144
\caption@leftmargin=\dimen145
\caption@rightmargin=\dimen146
\caption@width=\dimen147
\caption@indent=\dimen148
\caption@parindent=\dimen149
\caption@hangindent=\dimen150
\abovecaptionskip=\skip49
\belowcaptionskip=\skip50
Package caption Info: Document class w/o caption stuff detected.
)
\c@caption@flags=\count198
\c@continuedfloat=\count199
) (/Users/morgan.sparks/Library/TinyTeX/texmf-dist/tex/latex/amsmath/amsmath.sty
Package: amsmath 2024/11/05 v2.17t AMS math features
\@mathmargin=\skip51
For additional information on amsmath, use the `?' option.
(/Users/morgan.sparks/Library/TinyTeX/texmf-dist/tex/latex/amsmath/amstext.sty
Package: amstext 2021/08/26 v2.01 AMS text
(/Users/morgan.sparks/Library/TinyTeX/texmf-dist/tex/latex/amsmath/amsgen.sty
File: amsgen.sty 1999/11/30 v2.0 generic functions
\@emptytoks=\toks18
\ex@=\dimen151
)) (/Users/morgan.sparks/Library/TinyTeX/texmf-dist/tex/latex/amsmath/amsbsy.sty
Package: amsbsy 1999/11/29 v1.2d Bold Symbols
\pmbraise@=\dimen152
) (/Users/morgan.sparks/Library/TinyTeX/texmf-dist/tex/latex/amsmath/amsopn.sty
Package: amsopn 2022/04/08 v2.04 operator names
)
\inf@bad=\count266
LaTeX Info: Redefining \frac on input line 233.
\uproot@=\count267
\leftroot@=\count268
LaTeX Info: Redefining \overline on input line 398.
LaTeX Info: Redefining \colon on input line 409.
\classnum@=\count269
\DOTSCASE@=\count270
LaTeX Info: Redefining \ldots on input line 495.
LaTeX Info: Redefining \dots on input line 498.
LaTeX Info: Redefining \cdots on input line 619.
\Mathstrutbox@=\box52
\strutbox@=\box53
LaTeX Info: Redefining \big on input line 721.
LaTeX Info: Redefining \Big on input line 722.
LaTeX Info: Redefining \bigg on input line 723.
LaTeX Info: Redefining \Bigg on input line 724.
\big@size=\dimen153
LaTeX Font Info:    Redeclaring font encoding OML on input line 742.
LaTeX Font Info:    Redeclaring font encoding OMS on input line 743.
\macc@depth=\count271
LaTeX Info: Redefining \bmod on input line 904.
LaTeX Info: Redefining \pmod on input line 909.
LaTeX Info: Redefining \smash on input line 939.
LaTeX Info: Redefining \relbar on input line 969.
LaTeX Info: Redefining \Relbar on input line 970.
\c@MaxMatrixCols=\count272
\dotsspace@=\muskip17
\c@parentequation=\count273
\dspbrk@lvl=\count274
\tag@help=\toks19
\row@=\count275
\column@=\count276
\maxfields@=\count277
\andhelp@=\toks20
\eqnshift@=\dimen154
\alignsep@=\dimen155
\tagshift@=\dimen156
\tagwidth@=\dimen157
\totwidth@=\dimen158
\lineht@=\dimen159
\@envbody=\toks21
\multlinegap=\skip52
\multlinetaggap=\skip53
\mathdisplay@stack=\toks22
LaTeX Info: Redefining \[ on input line 2953.
LaTeX Info: Redefining \] on input line 2954.
) (/Users/morgan.sparks/Library/TinyTeX/texmf-dist/tex/latex/tools/array.sty
Package: array 2024/10/17 v2.6g Tabular extension package (FMi)
\col@sep=\dimen160
\ar@mcellbox=\box54
\extrarowheight=\dimen161
\NC@list=\toks23
\extratabsurround=\skip54
\backup@length=\skip55
\ar@cellbox=\box55
) (/Users/morgan.sparks/Library/TinyTeX/texmf-dist/tex/latex/xcolor/xcolor.sty
Package: xcolor 2024/09/29 v3.02 LaTeX color extensions (UK)
(/Users/morgan.sparks/Library/TinyTeX/texmf-dist/tex/latex/graphics-cfg/color.cfg
File: color.cfg 2016/01/02 v1.6 sample color configuration
)
Package xcolor Info: Driver file: pdftex.def on input line 274.
LaTeX Info: Redefining \color on input line 762.
(/Users/morgan.sparks/Library/TinyTeX/texmf-dist/tex/latex/graphics/mathcolor.ltx)
Package xcolor Info: Model `cmy' substituted by `cmy0' on input line 1349.
Package xcolor Info: Model `hsb' substituted by `rgb' on input line 1353.
Package xcolor Info: Model `RGB' extended on input line 1365.
Package xcolor Info: Model `HTML' substituted by `rgb' on input line 1367.
Package xcolor Info: Model `Hsb' substituted by `hsb' on input line 1368.
Package xcolor Info: Model `tHsb' substituted by `hsb' on input line 1369.
Package xcolor Info: Model `HSB' substituted by `hsb' on input line 1370.
Package xcolor Info: Model `Gray' substituted by `gray' on input line 1371.
Package xcolor Info: Model `wave' substituted by `hsb' on input line 1372.
) (/Users/morgan.sparks/Library/TinyTeX/texmf-dist/tex/latex/amsfonts/amssymb.sty
Package: amssymb 2013/01/14 v3.01 AMS font symbols
(/Users/morgan.sparks/Library/TinyTeX/texmf-dist/tex/latex/amsfonts/amsfonts.sty
Package: amsfonts 2013/01/14 v3.01 Basic AMSFonts support
\symAMSa=\mathgroup4
\symAMSb=\mathgroup5
LaTeX Font Info:    Redeclaring math symbol \hbar on input line 98.
LaTeX Font Info:    Overwriting math alphabet `\mathfrak' in version `bold'
(Font)                  U/euf/m/n --> U/euf/b/n on input line 106.
)) (/Users/morgan.sparks/Library/TinyTeX/texmf-dist/tex/latex/sttools/flushend.sty
Package: flushend 2021/10/04 v4.0 Balancing columns in twocolumn mode
\flushend@@lastskip@a=\skip56
\flushend@@lastskip@b=\skip57
\flushend@@lastnode=\count278
\var@@loop@iter=\count279
\var@@temp@spread=\dimen162
\var@@temp@a=\dimen163
\var@@temp@loop=\dimen164
\flushend@@page@rule=\dimen165
\flushend@@varbox@lastpage=\box56
\flushend@@varbox@a=\box57
\flushend@@varbox@c=\box58
\flushend@@tempbox@a=\box59
\flushend@@tempbox@c=\box60
\flushend@@floatbox=\box61
\@viper=\box62
\hold@viper=\box63
\atColsBreak=\toks24
\atColsEnd=\toks25
\oldbreak@skip=\dimen166
) (/Users/morgan.sparks/Library/TinyTeX/texmf-dist/tex/latex/sttools/stfloats.sty
Package: stfloats 2017/03/27 v3.3 Improve float mechanism and baselineskip settings
\@dblbotnum=\count280
\c@dblbotnumber=\count281
) (/Users/morgan.sparks/Library/TinyTeX/texmf-dist/tex/latex/graphics/rotating.sty
Package: rotating 2016/08/11 v2.16d rotated objects in LaTeX
(/Users/morgan.sparks/Library/TinyTeX/texmf-dist/tex/latex/base/ifthen.sty
Package: ifthen 2024/03/16 v1.1e Standard LaTeX ifthen package (DPC)
)
\c@r@tfl@t=\count282
\rotFPtop=\skip58
\rotFPbot=\skip59
\rot@float@box=\box64
\rot@mess@toks=\toks26
) (/Users/morgan.sparks/Library/TinyTeX/texmf-dist/tex/latex/changepage/chngpage.sty
Package: chngpage 2009/10/20 v1.2b change page layout
\c@cp@cnt=\count283
\c@cp@tempcnt=\count284
) (/Users/morgan.sparks/Library/TinyTeX/texmf-dist/tex/latex/totcount/totcount.sty
Package: totcount 2011/01/25 v1.2 package for gettingthe total value of LaTeX counters
) (/Users/morgan.sparks/Library/TinyTeX/texmf-dist/tex/latex/base/fix-cm.sty
Package: fix-cm 2020/11/24 v1.1t fixes to LaTeX
(/Users/morgan.sparks/Library/TinyTeX/texmf-dist/tex/latex/base/ts1enc.def
File: ts1enc.def 2001/06/05 v3.0e (jk/car/fm) Standard LaTeX file
LaTeX Font Info:    Redeclaring font encoding TS1 on input line 47.
))
\croppaperwidth=\dimen167
\croppaperheight=\dimen168
\Croppdfwidth=\dimen169
\Croppdfheight=\dimen170
\Trimpdfwidth=\dimen171
\Trimpdfheight=\dimen172
\CP@toff@wd=\dimen173
\CP@toff@ht=\dimen174
\CP@boff@wd=\dimen175
\CP@boff@ht=\dimen176
\CP@crop@wd=\dimen177
\CP@crop@ht=\dimen178
\CP@bled@wd=\dimen179
\CP@bled@ht=\dimen180
\CP@trim@wd=\dimen181
\CP@trim@ht=\dimen182
\c@section=\count285
\c@subsection=\count286
\c@subsubsection=\count287
\c@paragraph=\count288
\c@subparagraph=\count289
\c@figure=\count290
\c@table=\count291
\dropfromtop=\skip60
\c@myauthcount=\count292
\c@myauthcount@totc=\count293
\c@myhistorycount=\count294
\c@myhistorycount@totc=\count295
\c@myaddcount=\count296
\c@myaddcount@totc=\count297
\extraspace=\skip61
\aboveskipchk=\skip62
\titlepagewd=\skip63
\rotdimen=\dimen183
\tempdime=\dimen184
\temptbox=\box65
(/Users/morgan.sparks/Library/TinyTeX/texmf-dist/tex/latex/natbib/natbib.sty
Package: natbib 2010/09/13 8.31b (PWD, AO)
\bibhang=\skip64
\bibsep=\skip65
LaTeX Info: Redefining \cite on input line 694.
\c@NAT@ctr=\count298
) (/Users/morgan.sparks/Library/TinyTeX/texmf-dist/tex/latex/wrapfig/wrapfig.sty
\wrapoverhang=\dimen185
\WF@size=\dimen186
\c@WF@wrappedlines=\count299
\WF@box=\box66
\WF@everypar=\toks27
Package: wrapfig 2003/01/31  v 3.6
)
\wraplines=\count300
\@authorfigbox=\box67
\@authorfigboxdim=\skip66
\biofigadjskip=\skip67
(/Users/morgan.sparks/Library/TinyTeX/texmf-dist/tex/latex/amscls/amsthm.sty
Package: amsthm 2020/05/29 v2.20.6
\thm@style=\toks28
\thm@bodyfont=\toks29
\thm@headfont=\toks30
\thm@notefont=\toks31
\thm@headpunct=\toks32
\thm@preskip=\skip68
\thm@postskip=\skip69
\thm@headsep=\skip70
\dth@everypar=\toks33
) (/Users/morgan.sparks/Library/TinyTeX/texmf-dist/tex/latex/subfloat/subfloat.sty
Package: subfloat 2003/08/21 version 2.14
Package `subfloat', Version 2.14 of 2003/08/21.
\c@subfloatfiguremax=\count301
\c@subfloattablemax=\count302
) (/Users/morgan.sparks/Library/TinyTeX/texmf-dist/tex/latex/anyfontsize/anyfontsize.sty
Package: anyfontsize 2007/11/22 anyfontsize.sty by pts
) (/Users/morgan.sparks/Library/TinyTeX/texmf-dist/tex/latex/multirow/multirow.sty
Package: multirow 2024/11/12 v2.9 Span multiple rows of a table
\multirow@colwidth=\skip71
\multirow@cntb=\count303
\multirow@dima=\skip72
\bigstrutjot=\dimen187
) (/Users/morgan.sparks/Library/TinyTeX/texmf-dist/tex/latex/mdwtools/footnote.sty
Package: footnote 1997/01/28 1.13 Save footnotes around boxes
\fn@notes=\box68
\fn@width=\dimen188
) (/Users/morgan.sparks/Library/TinyTeX/texmf-dist/tex/latex/url/url.sty
\Urlmuskip=\muskip18
Package: url 2013/09/16  ver 3.4  Verb mode for urls, etc.
) (/Users/morgan.sparks/Library/TinyTeX/texmf-dist/tex/latex/jknapltx/mathrsfs.sty
Package: mathrsfs 1996/01/01 Math RSFS package v1.0 (jk)
\symrsfs=\mathgroup6
) (/Users/morgan.sparks/Library/TinyTeX/texmf-dist/tex/latex/algorithms/algorithm.sty
Package: algorithm 2009/08/24 v0.1 Document Style `algorithm' - floating environment
(/Users/morgan.sparks/Library/TinyTeX/texmf-dist/tex/latex/float/float.sty
Package: float 2001/11/08 v1.3d Float enhancements (AL)
\c@float@type=\count304
\float@exts=\toks34
\float@box=\box69
\@float@everytoks=\toks35
\@floatcapt=\box70
)
\@float@every@algorithm=\toks36
\c@algorithm=\count305
) (/Users/morgan.sparks/Library/TinyTeX/texmf-dist/tex/latex/algorithmicx/algorithmicx.sty
Package: algorithmicx 2005/04/27 v1.2 Algorithmicx
Document Style algorithmicx 1.2 - a greatly improved `algorithmic' style
\c@ALG@line=\count306
\c@ALG@rem=\count307
\c@ALG@nested=\count308
\ALG@tlm=\skip73
\ALG@thistlm=\skip74
\c@ALG@Lnr=\count309
\c@ALG@blocknr=\count310
\c@ALG@storecount=\count311
\c@ALG@tmpcounter=\count312
\ALG@tmplength=\skip75
) (/Users/morgan.sparks/Library/TinyTeX/texmf-dist/tex/latex/algorithmicx/algpseudocode.sty
Package: algpseudocode 
Document Style - pseudocode environments for use with the `algorithmicx' style
) (/Users/morgan.sparks/Library/TinyTeX/texmf-dist/tex/latex/listings/listings.sty
\lst@mode=\count313
\lst@gtempboxa=\box71
\lst@token=\toks37
\lst@length=\count314
\lst@currlwidth=\dimen189
\lst@column=\count315
\lst@pos=\count316
\lst@lostspace=\dimen190
\lst@width=\dimen191
\lst@newlines=\count317
\lst@lineno=\count318
\lst@maxwidth=\dimen192
(/Users/morgan.sparks/Library/TinyTeX/texmf-dist/tex/latex/listings/lstpatch.sty
File: lstpatch.sty 2024/09/23 1.10c (Carsten Heinz)
) (/Users/morgan.sparks/Library/TinyTeX/texmf-dist/tex/latex/listings/lstmisc.sty
File: lstmisc.sty 2024/09/23 1.10c (Carsten Heinz)
\c@lstnumber=\count319
\lst@skipnumbers=\count320
\lst@framebox=\box72
) (/Users/morgan.sparks/Library/TinyTeX/texmf-dist/tex/latex/listings/listings.cfg
File: listings.cfg 2024/09/23 1.10c listings configuration
))
Package: listings 2024/09/23 1.10c (Carsten Heinz)
\c@@pps=\count321
\c@@ppsavesec=\count322
\c@@ppsaveapp=\count323
(/Users/morgan.sparks/Library/TinyTeX/texmf-dist/tex/latex/hyperref/hyperref.sty
Package: hyperref 2024-11-05 v7.01l Hypertext links for LaTeX
(/Users/morgan.sparks/Library/TinyTeX/texmf-dist/tex/latex/kvsetkeys/kvsetkeys.sty
Package: kvsetkeys 2022-10-05 v1.19 Key value parser (HO)
) (/Users/morgan.sparks/Library/TinyTeX/texmf-dist/tex/generic/kvdefinekeys/kvdefinekeys.sty
Package: kvdefinekeys 2019-12-19 v1.6 Define keys (HO)
) (/Users/morgan.sparks/Library/TinyTeX/texmf-dist/tex/generic/pdfescape/pdfescape.sty
Package: pdfescape 2019/12/09 v1.15 Implements pdfTeX's escape features (HO)
(/Users/morgan.sparks/Library/TinyTeX/texmf-dist/tex/generic/ltxcmds/ltxcmds.sty
Package: ltxcmds 2023-12-04 v1.26 LaTeX kernel commands for general use (HO)
) (/Users/morgan.sparks/Library/TinyTeX/texmf-dist/tex/generic/pdftexcmds/pdftexcmds.sty
Package: pdftexcmds 2020-06-27 v0.33 Utility functions of pdfTeX for LuaTeX (HO)
(/Users/morgan.sparks/Library/TinyTeX/texmf-dist/tex/generic/infwarerr/infwarerr.sty
Package: infwarerr 2019/12/03 v1.5 Providing info/warning/error messages (HO)
)
Package pdftexcmds Info: \pdf@primitive is available.
Package pdftexcmds Info: \pdf@ifprimitive is available.
Package pdftexcmds Info: \pdfdraftmode found.
)) (/Users/morgan.sparks/Library/TinyTeX/texmf-dist/tex/latex/hycolor/hycolor.sty
Package: hycolor 2020-01-27 v1.10 Color options for hyperref/bookmark (HO)
) (/Users/morgan.sparks/Library/TinyTeX/texmf-dist/tex/latex/hyperref/nameref.sty
Package: nameref 2023-11-26 v2.56 Cross-referencing by name of section
(/Users/morgan.sparks/Library/TinyTeX/texmf-dist/tex/latex/refcount/refcount.sty
Package: refcount 2019/12/15 v3.6 Data extraction from label references (HO)
) (/Users/morgan.sparks/Library/TinyTeX/texmf-dist/tex/generic/gettitlestring/gettitlestring.sty
Package: gettitlestring 2019/12/15 v1.6 Cleanup title references (HO)
(/Users/morgan.sparks/Library/TinyTeX/texmf-dist/tex/latex/kvoptions/kvoptions.sty
Package: kvoptions 2022-06-15 v3.15 Key value format for package options (HO)
))
\c@section@level=\count324
) (/Users/morgan.sparks/Library/TinyTeX/texmf-dist/tex/latex/etoolbox/etoolbox.sty
Package: etoolbox 2020/10/05 v2.5k e-TeX tools for LaTeX (JAW)
\etb@tempcnta=\count325
) (/Users/morgan.sparks/Library/TinyTeX/texmf-dist/tex/generic/stringenc/stringenc.sty
Package: stringenc 2019/11/29 v1.12 Convert strings between diff. encodings (HO)
)
\@linkdim=\dimen193
\Hy@linkcounter=\count326
\Hy@pagecounter=\count327
(/Users/morgan.sparks/Library/TinyTeX/texmf-dist/tex/latex/hyperref/pd1enc.def
File: pd1enc.def 2024-11-05 v7.01l Hyperref: PDFDocEncoding definition (HO)
Now handling font encoding PD1 ...
... no UTF-8 mapping file for font encoding PD1
) (/Users/morgan.sparks/Library/TinyTeX/texmf-dist/tex/generic/intcalc/intcalc.sty
Package: intcalc 2019/12/15 v1.3 Expandable calculations with integers (HO)
)
\Hy@SavedSpaceFactor=\count328
(/Users/morgan.sparks/Library/TinyTeX/texmf-dist/tex/latex/hyperref/puenc.def
File: puenc.def 2024-11-05 v7.01l Hyperref: PDF Unicode definition (HO)
Now handling font encoding PU ...
... no UTF-8 mapping file for font encoding PU
)
Package hyperref Info: Option `unicode' set `true' on input line 4040.
Package hyperref Info: Hyper figures OFF on input line 4157.
Package hyperref Info: Link nesting OFF on input line 4162.
Package hyperref Info: Hyper index ON on input line 4165.
Package hyperref Info: Plain pages OFF on input line 4172.
Package hyperref Info: Backreferencing OFF on input line 4177.
Package hyperref Info: Implicit mode ON; LaTeX internals redefined.
Package hyperref Info: Bookmarks ON on input line 4424.
\c@Hy@tempcnt=\count329
LaTeX Info: Redefining \url on input line 4763.
\XeTeXLinkMargin=\dimen194
(/Users/morgan.sparks/Library/TinyTeX/texmf-dist/tex/generic/bitset/bitset.sty
Package: bitset 2019/12/09 v1.3 Handle bit-vector datatype (HO)
(/Users/morgan.sparks/Library/TinyTeX/texmf-dist/tex/generic/bigintcalc/bigintcalc.sty
Package: bigintcalc 2019/12/15 v1.5 Expandable calculations on big integers (HO)
))
\Fld@menulength=\count330
\Field@Width=\dimen195
\Fld@charsize=\dimen196
Package hyperref Info: Hyper figures OFF on input line 6042.
Package hyperref Info: Link nesting OFF on input line 6047.
Package hyperref Info: Hyper index ON on input line 6050.
Package hyperref Info: backreferencing OFF on input line 6057.
Package hyperref Info: Link coloring OFF on input line 6062.
Package hyperref Info: Link coloring with OCG OFF on input line 6067.
Package hyperref Info: PDF/A mode OFF on input line 6072.
(/Users/morgan.sparks/Library/TinyTeX/texmf-dist/tex/latex/base/atbegshi-ltx.sty
Package: atbegshi-ltx 2021/01/10 v1.0c Emulation of the original atbegshi
package with kernel methods
)
\Hy@abspage=\count331
\c@Item=\count332
\c@Hfootnote=\count333
)
Package hyperref Info: Driver (autodetected): hpdftex.
(/Users/morgan.sparks/Library/TinyTeX/texmf-dist/tex/latex/hyperref/hpdftex.def
File: hpdftex.def 2024-11-05 v7.01l Hyperref driver for pdfTeX
(/Users/morgan.sparks/Library/TinyTeX/texmf-dist/tex/latex/base/atveryend-ltx.sty
Package: atveryend-ltx 2020/08/19 v1.0a Emulation of the original atveryend package
with kernel methods
)
\Fld@listcount=\count334
\c@bookmark@seq@number=\count335
(/Users/morgan.sparks/Library/TinyTeX/texmf-dist/tex/latex/rerunfilecheck/rerunfilecheck.sty
Package: rerunfilecheck 2022-07-10 v1.10 Rerun checks for auxiliary files (HO)
(/Users/morgan.sparks/Library/TinyTeX/texmf-dist/tex/generic/uniquecounter/uniquecounter.sty
Package: uniquecounter 2019/12/15 v1.4 Provide unlimited unique counter (HO)
)
Package uniquecounter Info: New unique counter `rerunfilecheck' on input line 285.
)
\Hy@SectionHShift=\skip76
) (/Users/morgan.sparks/Library/TinyTeX/texmf-dist/tex/latex/pgf/frontendlayer/tikz.sty (/Users/morgan.sparks/Library/TinyTeX/texmf-dist/tex/latex/pgf/basiclayer/pgf.sty (/Users/morgan.sparks/Library/TinyTeX/texmf-dist/tex/latex/pgf/utilities/pgfrcs.sty (/Users/morgan.sparks/Library/TinyTeX/texmf-dist/tex/generic/pgf/utilities/pgfutil-common.tex
\pgfutil@everybye=\toks38
\pgfutil@tempdima=\dimen197
\pgfutil@tempdimb=\dimen198
) (/Users/morgan.sparks/Library/TinyTeX/texmf-dist/tex/generic/pgf/utilities/pgfutil-latex.def
\pgfutil@abb=\box73
) (/Users/morgan.sparks/Library/TinyTeX/texmf-dist/tex/generic/pgf/utilities/pgfrcs.code.tex (/Users/morgan.sparks/Library/TinyTeX/texmf-dist/tex/generic/pgf/pgf.revision.tex)
Package: pgfrcs 2023-01-15 v3.1.10 (3.1.10)
))
Package: pgf 2023-01-15 v3.1.10 (3.1.10)
(/Users/morgan.sparks/Library/TinyTeX/texmf-dist/tex/latex/pgf/basiclayer/pgfcore.sty (/Users/morgan.sparks/Library/TinyTeX/texmf-dist/tex/latex/pgf/systemlayer/pgfsys.sty (/Users/morgan.sparks/Library/TinyTeX/texmf-dist/tex/generic/pgf/systemlayer/pgfsys.code.tex
Package: pgfsys 2023-01-15 v3.1.10 (3.1.10)
(/Users/morgan.sparks/Library/TinyTeX/texmf-dist/tex/generic/pgf/utilities/pgfkeys.code.tex
\pgfkeys@pathtoks=\toks39
\pgfkeys@temptoks=\toks40
(/Users/morgan.sparks/Library/TinyTeX/texmf-dist/tex/generic/pgf/utilities/pgfkeyslibraryfiltered.code.tex
\pgfkeys@tmptoks=\toks41
))
\pgf@x=\dimen199
\pgf@y=\dimen256
\pgf@xa=\dimen257
\pgf@ya=\dimen258
\pgf@xb=\dimen259
\pgf@yb=\dimen260
\pgf@xc=\dimen261
\pgf@yc=\dimen262
\pgf@xd=\dimen263
\pgf@yd=\dimen264
\w@pgf@writea=\write3
\r@pgf@reada=\read2
\c@pgf@counta=\count336
\c@pgf@countb=\count337
\c@pgf@countc=\count338
\c@pgf@countd=\count339
\t@pgf@toka=\toks42
\t@pgf@tokb=\toks43
\t@pgf@tokc=\toks44
\pgf@sys@id@count=\count340
(/Users/morgan.sparks/Library/TinyTeX/texmf-dist/tex/generic/pgf/systemlayer/pgf.cfg
File: pgf.cfg 2023-01-15 v3.1.10 (3.1.10)
)
Driver file for pgf: pgfsys-pdftex.def
(/Users/morgan.sparks/Library/TinyTeX/texmf-dist/tex/generic/pgf/systemlayer/pgfsys-pdftex.def
File: pgfsys-pdftex.def 2023-01-15 v3.1.10 (3.1.10)
(/Users/morgan.sparks/Library/TinyTeX/texmf-dist/tex/generic/pgf/systemlayer/pgfsys-common-pdf.def
File: pgfsys-common-pdf.def 2023-01-15 v3.1.10 (3.1.10)
))) (/Users/morgan.sparks/Library/TinyTeX/texmf-dist/tex/generic/pgf/systemlayer/pgfsyssoftpath.code.tex
File: pgfsyssoftpath.code.tex 2023-01-15 v3.1.10 (3.1.10)
\pgfsyssoftpath@smallbuffer@items=\count341
\pgfsyssoftpath@bigbuffer@items=\count342
) (/Users/morgan.sparks/Library/TinyTeX/texmf-dist/tex/generic/pgf/systemlayer/pgfsysprotocol.code.tex
File: pgfsysprotocol.code.tex 2023-01-15 v3.1.10 (3.1.10)
)) (/Users/morgan.sparks/Library/TinyTeX/texmf-dist/tex/generic/pgf/basiclayer/pgfcore.code.tex
Package: pgfcore 2023-01-15 v3.1.10 (3.1.10)
(/Users/morgan.sparks/Library/TinyTeX/texmf-dist/tex/generic/pgf/math/pgfmath.code.tex (/Users/morgan.sparks/Library/TinyTeX/texmf-dist/tex/generic/pgf/math/pgfmathutil.code.tex) (/Users/morgan.sparks/Library/TinyTeX/texmf-dist/tex/generic/pgf/math/pgfmathparser.code.tex
\pgfmath@dimen=\dimen265
\pgfmath@count=\count343
\pgfmath@box=\box74
\pgfmath@toks=\toks45
\pgfmath@stack@operand=\toks46
\pgfmath@stack@operation=\toks47
) (/Users/morgan.sparks/Library/TinyTeX/texmf-dist/tex/generic/pgf/math/pgfmathfunctions.code.tex) (/Users/morgan.sparks/Library/TinyTeX/texmf-dist/tex/generic/pgf/math/pgfmathfunctions.basic.code.tex) (/Users/morgan.sparks/Library/TinyTeX/texmf-dist/tex/generic/pgf/math/pgfmathfunctions.trigonometric.code.tex) (/Users/morgan.sparks/Library/TinyTeX/texmf-dist/tex/generic/pgf/math/pgfmathfunctions.random.code.tex) (/Users/morgan.sparks/Library/TinyTeX/texmf-dist/tex/generic/pgf/math/pgfmathfunctions.comparison.code.tex) (/Users/morgan.sparks/Library/TinyTeX/texmf-dist/tex/generic/pgf/math/pgfmathfunctions.base.code.tex) (/Users/morgan.sparks/Library/TinyTeX/texmf-dist/tex/generic/pgf/math/pgfmathfunctions.round.code.tex) (/Users/morgan.sparks/Library/TinyTeX/texmf-dist/tex/generic/pgf/math/pgfmathfunctions.misc.code.tex) (/Users/morgan.sparks/Library/TinyTeX/texmf-dist/tex/generic/pgf/math/pgfmathfunctions.integerarithmetics.code.tex) (/Users/morgan.sparks/Library/TinyTeX/texmf-dist/tex/generic/pgf/math/pgfmathcalc.code.tex) (/Users/morgan.sparks/Library/TinyTeX/texmf-dist/tex/generic/pgf/math/pgfmathfloat.code.tex
\c@pgfmathroundto@lastzeros=\count344
)) (/Users/morgan.sparks/Library/TinyTeX/texmf-dist/tex/generic/pgf/math/pgfint.code.tex) (/Users/morgan.sparks/Library/TinyTeX/texmf-dist/tex/generic/pgf/basiclayer/pgfcorepoints.code.tex
File: pgfcorepoints.code.tex 2023-01-15 v3.1.10 (3.1.10)
\pgf@picminx=\dimen266
\pgf@picmaxx=\dimen267
\pgf@picminy=\dimen268
\pgf@picmaxy=\dimen269
\pgf@pathminx=\dimen270
\pgf@pathmaxx=\dimen271
\pgf@pathminy=\dimen272
\pgf@pathmaxy=\dimen273
\pgf@xx=\dimen274
\pgf@xy=\dimen275
\pgf@yx=\dimen276
\pgf@yy=\dimen277
\pgf@zx=\dimen278
\pgf@zy=\dimen279
) (/Users/morgan.sparks/Library/TinyTeX/texmf-dist/tex/generic/pgf/basiclayer/pgfcorepathconstruct.code.tex
File: pgfcorepathconstruct.code.tex 2023-01-15 v3.1.10 (3.1.10)
\pgf@path@lastx=\dimen280
\pgf@path@lasty=\dimen281
) (/Users/morgan.sparks/Library/TinyTeX/texmf-dist/tex/generic/pgf/basiclayer/pgfcorepathusage.code.tex
File: pgfcorepathusage.code.tex 2023-01-15 v3.1.10 (3.1.10)
\pgf@shorten@end@additional=\dimen282
\pgf@shorten@start@additional=\dimen283
) (/Users/morgan.sparks/Library/TinyTeX/texmf-dist/tex/generic/pgf/basiclayer/pgfcorescopes.code.tex
File: pgfcorescopes.code.tex 2023-01-15 v3.1.10 (3.1.10)
\pgfpic=\box75
\pgf@hbox=\box76
\pgf@layerbox@main=\box77
\pgf@picture@serial@count=\count345
) (/Users/morgan.sparks/Library/TinyTeX/texmf-dist/tex/generic/pgf/basiclayer/pgfcoregraphicstate.code.tex
File: pgfcoregraphicstate.code.tex 2023-01-15 v3.1.10 (3.1.10)
\pgflinewidth=\dimen284
) (/Users/morgan.sparks/Library/TinyTeX/texmf-dist/tex/generic/pgf/basiclayer/pgfcoretransformations.code.tex
File: pgfcoretransformations.code.tex 2023-01-15 v3.1.10 (3.1.10)
\pgf@pt@x=\dimen285
\pgf@pt@y=\dimen286
\pgf@pt@temp=\dimen287
) (/Users/morgan.sparks/Library/TinyTeX/texmf-dist/tex/generic/pgf/basiclayer/pgfcorequick.code.tex
File: pgfcorequick.code.tex 2023-01-15 v3.1.10 (3.1.10)
) (/Users/morgan.sparks/Library/TinyTeX/texmf-dist/tex/generic/pgf/basiclayer/pgfcoreobjects.code.tex
File: pgfcoreobjects.code.tex 2023-01-15 v3.1.10 (3.1.10)
) (/Users/morgan.sparks/Library/TinyTeX/texmf-dist/tex/generic/pgf/basiclayer/pgfcorepathprocessing.code.tex
File: pgfcorepathprocessing.code.tex 2023-01-15 v3.1.10 (3.1.10)
) (/Users/morgan.sparks/Library/TinyTeX/texmf-dist/tex/generic/pgf/basiclayer/pgfcorearrows.code.tex
File: pgfcorearrows.code.tex 2023-01-15 v3.1.10 (3.1.10)
\pgfarrowsep=\dimen288
) (/Users/morgan.sparks/Library/TinyTeX/texmf-dist/tex/generic/pgf/basiclayer/pgfcoreshade.code.tex
File: pgfcoreshade.code.tex 2023-01-15 v3.1.10 (3.1.10)
\pgf@max=\dimen289
\pgf@sys@shading@range@num=\count346
\pgf@shadingcount=\count347
) (/Users/morgan.sparks/Library/TinyTeX/texmf-dist/tex/generic/pgf/basiclayer/pgfcoreimage.code.tex
File: pgfcoreimage.code.tex 2023-01-15 v3.1.10 (3.1.10)
) (/Users/morgan.sparks/Library/TinyTeX/texmf-dist/tex/generic/pgf/basiclayer/pgfcoreexternal.code.tex
File: pgfcoreexternal.code.tex 2023-01-15 v3.1.10 (3.1.10)
\pgfexternal@startupbox=\box78
) (/Users/morgan.sparks/Library/TinyTeX/texmf-dist/tex/generic/pgf/basiclayer/pgfcorelayers.code.tex
File: pgfcorelayers.code.tex 2023-01-15 v3.1.10 (3.1.10)
) (/Users/morgan.sparks/Library/TinyTeX/texmf-dist/tex/generic/pgf/basiclayer/pgfcoretransparency.code.tex
File: pgfcoretransparency.code.tex 2023-01-15 v3.1.10 (3.1.10)
) (/Users/morgan.sparks/Library/TinyTeX/texmf-dist/tex/generic/pgf/basiclayer/pgfcorepatterns.code.tex
File: pgfcorepatterns.code.tex 2023-01-15 v3.1.10 (3.1.10)
) (/Users/morgan.sparks/Library/TinyTeX/texmf-dist/tex/generic/pgf/basiclayer/pgfcorerdf.code.tex
File: pgfcorerdf.code.tex 2023-01-15 v3.1.10 (3.1.10)
))) (/Users/morgan.sparks/Library/TinyTeX/texmf-dist/tex/generic/pgf/modules/pgfmoduleshapes.code.tex
File: pgfmoduleshapes.code.tex 2023-01-15 v3.1.10 (3.1.10)
\pgfnodeparttextbox=\box79
) (/Users/morgan.sparks/Library/TinyTeX/texmf-dist/tex/generic/pgf/modules/pgfmoduleplot.code.tex
File: pgfmoduleplot.code.tex 2023-01-15 v3.1.10 (3.1.10)
) (/Users/morgan.sparks/Library/TinyTeX/texmf-dist/tex/latex/pgf/compatibility/pgfcomp-version-0-65.sty
Package: pgfcomp-version-0-65 2023-01-15 v3.1.10 (3.1.10)
\pgf@nodesepstart=\dimen290
\pgf@nodesepend=\dimen291
) (/Users/morgan.sparks/Library/TinyTeX/texmf-dist/tex/latex/pgf/compatibility/pgfcomp-version-1-18.sty
Package: pgfcomp-version-1-18 2023-01-15 v3.1.10 (3.1.10)
)) (/Users/morgan.sparks/Library/TinyTeX/texmf-dist/tex/latex/pgf/utilities/pgffor.sty (/Users/morgan.sparks/Library/TinyTeX/texmf-dist/tex/latex/pgf/utilities/pgfkeys.sty (/Users/morgan.sparks/Library/TinyTeX/texmf-dist/tex/generic/pgf/utilities/pgfkeys.code.tex)) (/Users/morgan.sparks/Library/TinyTeX/texmf-dist/tex/latex/pgf/math/pgfmath.sty (/Users/morgan.sparks/Library/TinyTeX/texmf-dist/tex/generic/pgf/math/pgfmath.code.tex)) (/Users/morgan.sparks/Library/TinyTeX/texmf-dist/tex/generic/pgf/utilities/pgffor.code.tex
Package: pgffor 2023-01-15 v3.1.10 (3.1.10)
\pgffor@iter=\dimen292
\pgffor@skip=\dimen293
\pgffor@stack=\toks48
\pgffor@toks=\toks49
)) (/Users/morgan.sparks/Library/TinyTeX/texmf-dist/tex/generic/pgf/frontendlayer/tikz/tikz.code.tex
Package: tikz 2023-01-15 v3.1.10 (3.1.10)
(/Users/morgan.sparks/Library/TinyTeX/texmf-dist/tex/generic/pgf/libraries/pgflibraryplothandlers.code.tex
File: pgflibraryplothandlers.code.tex 2023-01-15 v3.1.10 (3.1.10)
\pgf@plot@mark@count=\count348
\pgfplotmarksize=\dimen294
)
\tikz@lastx=\dimen295
\tikz@lasty=\dimen296
\tikz@lastxsaved=\dimen297
\tikz@lastysaved=\dimen298
\tikz@lastmovetox=\dimen299
\tikz@lastmovetoy=\dimen300
\tikzleveldistance=\dimen301
\tikzsiblingdistance=\dimen302
\tikz@figbox=\box80
\tikz@figbox@bg=\box81
\tikz@tempbox=\box82
\tikz@tempbox@bg=\box83
\tikztreelevel=\count349
\tikznumberofchildren=\count350
\tikznumberofcurrentchild=\count351
\tikz@fig@count=\count352
(/Users/morgan.sparks/Library/TinyTeX/texmf-dist/tex/generic/pgf/modules/pgfmodulematrix.code.tex
File: pgfmodulematrix.code.tex 2023-01-15 v3.1.10 (3.1.10)
\pgfmatrixcurrentrow=\count353
\pgfmatrixcurrentcolumn=\count354
\pgf@matrix@numberofcolumns=\count355
)
\tikz@expandcount=\count356
(/Users/morgan.sparks/Library/TinyTeX/texmf-dist/tex/generic/pgf/frontendlayer/tikz/libraries/tikzlibrarytopaths.code.tex
File: tikzlibrarytopaths.code.tex 2023-01-15 v3.1.10 (3.1.10)
))) (/Users/morgan.sparks/Library/TinyTeX/texmf-dist/tex/generic/pgf/frontendlayer/tikz/libraries/tikzlibrarysvg.path.code.tex
File: tikzlibrarysvg.path.code.tex 2023-01-15 v3.1.10 (3.1.10)
(/Users/morgan.sparks/Library/TinyTeX/texmf-dist/tex/generic/pgf/libraries/pgflibrarysvg.path.code.tex
File: pgflibrarysvg.path.code.tex 2023-01-15 v3.1.10 (3.1.10)
(/Users/morgan.sparks/Library/TinyTeX/texmf-dist/tex/generic/pgf/modules/pgfmoduleparser.code.tex
File: pgfmoduleparser.code.tex 2023-01-15 v3.1.10 (3.1.10)
\pgfparserdef@arg@count=\count357
)
\pgf@lib@svg@last@x=\dimen303
\pgf@lib@svg@last@y=\dimen304
\pgf@lib@svg@last@c@x=\dimen305
\pgf@lib@svg@last@c@y=\dimen306
\pgf@lib@svg@count=\count358
\pgf@lib@svg@max@num=\count359
))
\@curXheight=\skip77
)
Package hyperref Info: Option `breaklinks' set `true' on input line 28.

Package hyperref Warning: Option `bookmarks' has already been used,
(hyperref)                setting the option has no effect on input line 28.

(/Users/morgan.sparks/Library/TinyTeX/texmf-dist/tex/latex/fancyvrb/fancyvrb.sty
Package: fancyvrb 2024/01/20 4.5c verbatim text (tvz,hv)
\FV@CodeLineNo=\count360
\FV@InFile=\read3
\FV@TabBox=\box84
\c@FancyVerbLine=\count361
\FV@StepNumber=\count362
\FV@OutFile=\write4
) (/Users/morgan.sparks/Library/TinyTeX/texmf-dist/tex/latex/framed/framed.sty
Package: framed 2011/10/22 v 0.96: framed or shaded text with page breaks
\OuterFrameSep=\skip78
\fb@frw=\dimen307
\fb@frh=\dimen308
\FrameRule=\dimen309
\FrameSep=\dimen310
)
\cslhangindent=\skip79
\csllabelwidth=\skip80
(/Users/morgan.sparks/Library/TinyTeX/texmf-dist/tex/latex/tools/calc.sty
Package: calc 2023/07/08 v4.3 Infix arithmetic (KKT,FJ)
\calc@Acount=\count363
\calc@Bcount=\count364
\calc@Adimen=\dimen311
\calc@Bdimen=\dimen312
\calc@Askip=\skip81
\calc@Bskip=\skip82
LaTeX Info: Redefining \setlength on input line 80.
LaTeX Info: Redefining \addtolength on input line 81.
\calc@Ccount=\count365
\calc@Cskip=\skip83
)
\c@correspcnt=\count366
\c@addrcnt=\count367
\c@theorem=\count368
\c@example=\count369
\c@remark=\count370
\c@definition=\count371
(/Users/morgan.sparks/Library/TinyTeX/texmf-dist/tex/latex/booktabs/booktabs.sty
Package: booktabs 2020/01/12 v1.61803398 Publication quality tables
\heavyrulewidth=\dimen313
\lightrulewidth=\dimen314
\cmidrulewidth=\dimen315
\belowrulesep=\dimen316
\belowbottomsep=\dimen317
\aboverulesep=\dimen318
\abovetopsep=\dimen319
\cmidrulesep=\dimen320
\cmidrulekern=\dimen321
\defaultaddspace=\dimen322
\@cmidla=\count372
\@cmidlb=\count373
\@aboverulesep=\dimen323
\@belowrulesep=\dimen324
\@thisruleclass=\count374
\@lastruleclass=\count375
\@thisrulewidth=\dimen325
) (/Users/morgan.sparks/Library/TinyTeX/texmf-dist/tex/latex/l3backend/l3backend-pdftex.def
File: l3backend-pdftex.def 2024-05-08 L3 backend support: PDF output (pdfTeX)
\l__color_backend_stack_int=\count376
\l__pdf_internal_box=\box85
)

LaTeX Warning: Unused global option(s):
    [webpdf,large,contemporary,namedate].

(./paper_oxford.aux)
\openout1 = `paper_oxford.aux'.

LaTeX Font Info:    Checking defaults for OML/cmm/m/it on input line 214.
LaTeX Font Info:    ... okay on input line 214.
LaTeX Font Info:    Checking defaults for OMS/cmsy/m/n on input line 214.
LaTeX Font Info:    ... okay on input line 214.
LaTeX Font Info:    Checking defaults for OT1/cmr/m/n on input line 214.
LaTeX Font Info:    ... okay on input line 214.
LaTeX Font Info:    Checking defaults for T1/cmr/m/n on input line 214.
LaTeX Font Info:    ... okay on input line 214.
LaTeX Font Info:    Checking defaults for TS1/cmr/m/n on input line 214.
LaTeX Font Info:    ... okay on input line 214.
LaTeX Font Info:    Checking defaults for OMX/cmex/m/n on input line 214.
LaTeX Font Info:    ... okay on input line 214.
LaTeX Font Info:    Checking defaults for U/cmr/m/n on input line 214.
LaTeX Font Info:    ... okay on input line 214.
LaTeX Font Info:    Checking defaults for PD1/pdf/m/n on input line 214.
LaTeX Font Info:    ... okay on input line 214.
LaTeX Font Info:    Checking defaults for PU/pdf/m/n on input line 214.
LaTeX Font Info:    ... okay on input line 214.
(/Users/morgan.sparks/Library/TinyTeX/texmf-dist/tex/latex/epstopdf-pkg/epstopdf-base.sty
Package: epstopdf-base 2020-01-24 v2.11 Base part for package epstopdf
Package epstopdf-base Info: Redefining graphics rule for `.eps' on input line 485.
(/Users/morgan.sparks/Library/TinyTeX/texmf-dist/tex/latex/latexconfig/epstopdf-sys.cfg
File: epstopdf-sys.cfg 2010/07/13 v1.3 Configuration of (r)epstopdf for TeX Live
))
Package crop Info: requested driver: `' on input line 214.
Package crop Info: detected driver: `pdftex' on input line 214.
Package crop Info: using `pdftex' graphics driver on input line 214.
Package caption Info: Begin \AtBeginDocument code.
Package caption Info: float package is loaded.
Package caption Info: hyperref package is loaded.
Package caption Info: listings package is loaded.
Package caption Info: rotating package is loaded.
Package caption Info: wrapfig package is loaded.
Package caption Info: End \AtBeginDocument code.
LaTeX Font Info:    Redeclaring symbol font `AMSa' on input line 214.
LaTeX Font Info:    Overwriting symbol font `AMSa' in version `normal'
(Font)                  U/msa/m/n --> U/msa/m/n on input line 214.
LaTeX Font Info:    Overwriting symbol font `AMSa' in version `bold'
(Font)                  U/msa/m/n --> U/msa/m/n on input line 214.
\c@lstlisting=\count377
Package hyperref Info: Link coloring OFF on input line 214.
(./paper_oxford.out) (./paper_oxford.out)
\@outlinefile=\write5
\openout5 = `paper_oxford.out'.

\c@thisauthcorresp=\count378
\c@thisauththanks=\count379
\c@ADDR@A=\count380
\c@ADDR@B=\count381
\c@CORRESP@=\count382
LaTeX Font Info:    Calculating math sizes for size <13.04874> on input line 315.
LaTeX Font Info:    Trying to load font information for U+msa on input line 315.
(/Users/morgan.sparks/Library/TinyTeX/texmf-dist/tex/latex/amsfonts/umsa.fd
File: umsa.fd 2013/01/14 v3.01 AMS symbols A
)
LaTeX Font Info:    Trying to load font information for U+msb on input line 315.
(/Users/morgan.sparks/Library/TinyTeX/texmf-dist/tex/latex/amsfonts/umsb.fd
File: umsb.fd 2013/01/14 v3.01 AMS symbols B
)
LaTeX Font Info:    Trying to load font information for U+rsfs on input line 315.
(/Users/morgan.sparks/Library/TinyTeX/texmf-dist/tex/latex/jknapltx/ursfs.fd
File: ursfs.fd 1998/03/24 rsfs font definition file (jk)
)
\c@ADDRLBL@A=\count383
\c@ADDRLBL@B=\count384
LaTeX Font Info:    Calculating math sizes for size <7.52812> on input line 315.
LaTeX Font Info:    Calculating math sizes for size <6.52437> on input line 315.
\c@CORRESPLBL@=\count385

Underfull \hbox (badness 1728) in paragraph at lines 319--332
\OT1/cmr/m/n/7.52812 researchers to generate statistical models that allow the
 []


Underfull \hbox (badness 1622) in paragraph at lines 319--332
\OT1/cmr/m/n/7.52812 McPhail and Murray 1979; Alderdice and Velsen 1978).
 []


Underfull \hbox (badness 2134) in paragraph at lines 333--344
[]\OT1/cmr/m/n/7.52812 The resulting effective value approach has now been
 []


Underfull \hbox (badness 1303) in paragraph at lines 333--344
\OT1/cmr/m/n/7.52812 (\OT1/cmr/m/it/7.52812 Oncorhynchus spp.\OT1/cmr/m/n/7.52812 ) models developed by Beacham and
 []


Underfull \hbox (badness 1158) in paragraph at lines 333--344
\OT1/cmr/m/n/7.52812 Murray (1990) have been applied to various species and
 []


Underfull \hbox (badness 1997) in paragraph at lines 333--344
\OT1/cmr/m/n/7.52812 applications have been largely limited within Salmonids,
 []


Underfull \vbox (badness 10000) has occurred while \output is active []




Underfull \hbox (badness 1571) in paragraph at lines 356--372
[]\OT1/cmr/m/n/7.52812 To widen the user application of these methods, we
 []


Underfull \vbox (badness 10000) has occurred while \output is active []



[1
Non-PDF special ignored!
<special> ps: [{ThisPage} << /CropBox [0 0 595.26013 782.33696] >> /PUT pdf...

{/Users/morgan.sparks/Library/TinyTeX/texmf-var/fonts/map/pdftex/updmap/pdftex.map}


]
Underfull \hbox (badness 1603) in paragraph at lines 375--392
\OT1/cmr/bx/n/7.52812 hatchR \OT1/cmr/m/n/7.52812 is meant to primarily be a tool for predicting
 []


Underfull \hbox (badness 1014) in paragraph at lines 375--392
\OT1/cmr/m/n/7.52812 phenology. In this sense, we limit functionality to these
 []

<flowchart.png, id=112, 410.53375pt x 1540.75626pt>
File: flowchart.png Graphic file (type png)
<use flowchart.png>
Package pdftex.def Info: flowchart.png  used on input line 393.
(pdftex.def)             Requested size: 235.24698pt x 503.60808pt.

Underfull \vbox (badness 10000) has occurred while \output is active []






Overfull \hbox (253.25pt too wide) has occurred while \output is active
[][][] 
 []


Overfull \vbox (1.0pt too high) has occurred while \output is active []

[2
Non-PDF special ignored!
<special> ps: [{ThisPage} << /CropBox [0 0 595.26013 782.33696] >> /PUT pdf...
 <./flowchart.png>]
Underfull \hbox (badness 1478) in paragraph at lines 419--427
[]\OT1/cmr/m/n/7.52812 The effective value model framework is the basis for
 []


Underfull \hbox (badness 4595) in paragraph at lines 419--427
\OT1/cmr/m/n/7.52812 Specifically, \OT1/cmtt/m/n/7.52812 model[]table \OT1/cmr/m/n/7.52812 includes parameterizations from
 []

LaTeX Font Info:    Trying to load font information for OML+cmr on input line 462.
(/Users/morgan.sparks/Library/TinyTeX/texmf-dist/tex/latex/base/omlcmr.fd
File: omlcmr.fd 2024/11/19 v2.5n Standard LaTeX font definitions
)
LaTeX Font Info:    Font shape `OML/cmr/m/n' in size <7.52812> not available
(Font)              Font shape `OML/cmm/m/it' tried instead on input line 462.



Overfull \hbox (25.6274pt too wide) in paragraph at lines 483--487
\OT1/cmr/m/n/7.52812 functions \OT1/cmtt/m/n/7.52812 summarize[]temp()\OT1/cmr/m/n/7.52812 , \OT1/cmtt/m/n/7.52812 plot[]check[]temp()\OT1/cmr/m/n/7.52812 , and \OT1/cmtt/m/n/7.52812 check[]continuous()
 []

LaTeX Font Info:    Trying to load font information for OML+cmtt on input line 491.
LaTeX Font Info:    No file OMLcmtt.fd. on input line 491.

LaTeX Font Warning: Font shape `OML/cmtt/m/n' undefined
(Font)              using `OML/cmm/m/it' instead
(Font)              for symbol `textless' on input line 491.

LaTeX Font Info:    Font shape `OT1/cmtt/bx/n' in size <7.52812> not available
(Font)              Font shape `OT1/cmtt/m/n' tried instead on input line 491.

LaTeX Font Warning: Font shape `OML/cmtt/bx/n' undefined
(Font)              using `OML/cmm/m/it' instead
(Font)              for symbol `textgreater' on input line 509.

<paper_oxford_files/figure-latex/unnamed-chunk-5-1.pdf, id=119, 469.755pt x 325.215pt>
File: paper_oxford_files/figure-latex/unnamed-chunk-5-1.pdf Graphic file (type pdf)
<use paper_oxford_files/figure-latex/unnamed-chunk-5-1.pdf>
Package pdftex.def Info: paper_oxford_files/figure-latex/unnamed-chunk-5-1.pdf  used on input line 534.
(pdftex.def)             Requested size: 235.25pt x 162.86514pt.

Overfull \hbox (12.0pt too wide) in paragraph at lines 534--535
[][] 
 []


Underfull \hbox (badness 3965) in paragraph at lines 536--542
\OT1/cmr/m/n/7.52812 48 records, we need to summarize it to daily mean
 []


Underfull \hbox (badness 1558) in paragraph at lines 536--542
\OT1/cmr/m/n/7.52812 days with \OT1/cmtt/m/n/7.52812 check[]continuous()\OT1/cmr/m/n/7.52812 . We also recommend using
 []




Overfull \hbox (253.25pt too wide) has occurred while \output is active
[][][] 
 []


Overfull \vbox (1.0pt too high) has occurred while \output is active []

[3
Non-PDF special ignored!
<special> ps: [{ThisPage} << /CropBox [0 0 595.26013 782.33696] >> /PUT pdf...
 <./paper_oxford_files/figure-latex/unnamed-chunk-5-1.pdf>]
Underfull \hbox (badness 1845) in paragraph at lines 595--599
[]\OT1/cmr/m/n/7.52812 The function \OT1/cmtt/m/n/7.52812 fit[]model() \OT1/cmr/m/n/7.52812 uses data in which average
 []


Underfull \hbox (badness 1137) in paragraph at lines 600--601
[]\OT1/cmr/bx/n/7.52812 BRYAN TO FINISH THIS PARAGRAPH OFF
 []


Package hyperref Warning: Difference (2) between bookmark levels is greater 
(hyperref)                than one, level fixed on input line 603.


Underfull \hbox (badness 2837) in paragraph at lines 605--618
\OT1/cmr/m/n/7.52812 be used to create custom parameterizations for species
 []


Underfull \hbox (badness 5637) in paragraph at lines 605--618
\OT1/cmr/m/n/7.52812 beyond the Salmonids in the \OT1/cmtt/m/n/7.52812 model[]table \OT1/cmr/m/n/7.52812 included in
 []


Underfull \hbox (badness 4634) in paragraph at lines 605--618
\OT1/cmr/m/n/7.52812 the package. We include parameterizations from three
 []


Underfull \hbox (badness 6510) in paragraph at lines 605--618
\OT1/cmr/m/n/7.52812 for fishes beyond the scope of the original effective
 []


Underfull \hbox (badness 2418) in paragraph at lines 605--618
\OT1/cmr/m/n/7.52812 provide parameterization for just Smallmouth Bass here
 []


Underfull \hbox (badness 2726) in paragraph at lines 605--618
\OT1/cmr/m/n/7.52812 for concision, but the full code set for all species is
 []



LaTeX Font Info:    Font shape `OT1/cmtt/bx/it' in size <7.52812> not available
(Font)              Font shape `OT1/cmtt/m/it' tried instead on input line 627.
<paper_oxford_files/figure-latex/unnamed-chunk-10-1.pdf, id=136, 469.755pt x 325.215pt>
File: paper_oxford_files/figure-latex/unnamed-chunk-10-1.pdf Graphic file (type pdf)
<use paper_oxford_files/figure-latex/unnamed-chunk-10-1.pdf>
Package pdftex.def Info: paper_oxford_files/figure-latex/unnamed-chunk-10-1.pdf  used on input line 683.
(pdftex.def)             Requested size: 235.25pt x 162.86514pt.

Overfull \hbox (12.0pt too wide) in paragraph at lines 683--684
[][] 
 []




Overfull \hbox (253.25pt too wide) has occurred while \output is active
[][][] 
 []


Overfull \vbox (1.0pt too high) has occurred while \output is active []

[4
Non-PDF special ignored!
<special> ps: [{ThisPage} << /CropBox [0 0 595.26013 782.33696] >> /PUT pdf...
 <./paper_oxford_files/figure-latex/unnamed-chunk-10-1.pdf>]

Package hyperref Warning: Difference (2) between bookmark levels is greater 
(hyperref)                than one, level fixed on input line 745.


Underfull \hbox (badness 3312) in paragraph at lines 747--751
\OT1/cmr/m/n/7.52812 The output from \OT1/cmtt/m/n/7.52812 predict[]phenology() \OT1/cmr/m/n/7.52812 includes a lot of
 []



LaTeX Font Info:    Trying to load font information for OMS+cmtt on input line 786.
(/Library/Frameworks/R.framework/Resources/share/texmf/tex/latex/omscmtt.fd
File: omscmtt.fd 
)
LaTeX Font Info:    Font shape `OMS/cmtt/m/n' in size <7.52812> not available
(Font)              Font shape `OMS/cmsy/m/n' tried instead on input line 786.

Underfull \hbox (badness 8170) in paragraph at lines 790--794
\OT1/cmr/m/n/7.52812 A common management scenario where developmental
 []


Underfull \hbox (badness 1565) in paragraph at lines 805--833
\OT1/cmr/m/n/7.52812 their data with the \OT1/cmtt/m/n/7.52812 Import Data \OT1/cmr/m/n/7.52812 window, which requires
 []


Underfull \hbox (badness 3965) in paragraph at lines 805--833
\OT1/cmr/m/n/7.52812 at []$\OT1/cmtt/m/n/7.52812 https : / / github . com / bmait101 / hatchR / blob / master / extdata /
 []


Underfull \hbox (badness 2057) in paragraph at lines 805--833
\OT1/cmtt/m/n/7.52812 crooked _ river . csv/$[]\OT1/cmr/m/n/7.52812 . Once data is uploaded the program
 []




Overfull \hbox (253.25pt too wide) has occurred while \output is active
[][][] 
 []


Overfull \vbox (1.0pt too high) has occurred while \output is active []

[5
Non-PDF special ignored!
<special> ps: [{ThisPage} << /CropBox [0 0 595.26013 782.33696] >> /PUT pdf...
]
<paper_oxford_files/figure-latex/unnamed-chunk-18-1.pdf, id=156, 469.755pt x 325.215pt>
File: paper_oxford_files/figure-latex/unnamed-chunk-18-1.pdf Graphic file (type pdf)
<use paper_oxford_files/figure-latex/unnamed-chunk-18-1.pdf>
Package pdftex.def Info: paper_oxford_files/figure-latex/unnamed-chunk-18-1.pdf  used on input line 882.
(pdftex.def)             Requested size: 235.25pt x 162.86514pt.

Overfull \hbox (12.0pt too wide) in paragraph at lines 882--883
[][] 
 []




Underfull \hbox (badness 2050) in paragraph at lines 900--915
\OT1/cmr/m/n/7.52812 and the user make some key assumptions. Particularly,
 []


Underfull \hbox (badness 2762) in paragraph at lines 916--939
\OT1/cmr/m/n/7.52812 genetic x environment responses, or may be indicative
 []


Underfull \hbox (badness 1622) in paragraph at lines 916--939
\OT1/cmr/m/n/7.52812 of phylogenetic differences among species (West-Eberhard
 []


Underfull \hbox (badness 1163) in paragraph at lines 916--939
\OT1/cmr/m/n/7.52812 find differences in the rates of development between the
 []


Underfull \hbox (badness 2042) in paragraph at lines 942--959
\OT1/cmr/m/n/7.52812 instance, while our models are fit to predict hatch or
 []


Underfull \hbox (badness 1831) in paragraph at lines 942--959
\OT1/cmr/m/n/7.52812 emergence timing, they could be used to predict other
 []




Overfull \hbox (253.25pt too wide) has occurred while \output is active
[][][] 
 []


Overfull \vbox (1.0pt too high) has occurred while \output is active []

[6
Non-PDF special ignored!
<special> ps: [{ThisPage} << /CropBox [0 0 595.26013 782.33696] >> /PUT pdf...
 <./paper_oxford_files/figure-latex/unnamed-chunk-18-1.pdf>]
Underfull \hbox (badness 4518) in paragraph at lines 966--972
\OT1/cmr/m/n/7.52812 Landscape-Scale Variability in the Duration of Egg
 []


Underfull \hbox (badness 2376) in paragraph at lines 974--979
\OT1/cmr/m/n/7.52812 for Pacific Salmon.'' \OT1/cmr/m/it/7.52812 Canadian Journal of Fisheries
 []


Underfull \hbox (badness 1092) in paragraph at lines 981--985
[]\OT1/cmr/m/n/7.52812 Alderdice, D. F., and F. P. J. Velsen. 1978. ``Relation
 []


Underfull \hbox (badness 1910) in paragraph at lines 993--998
\OT1/cmr/m/it/7.52812 Transactions of the American Fisheries Society \OT1/cmr/m/n/7.52812 119
 []


Underfull \hbox (badness 1028) in paragraph at lines 1000--1004
\OT1/cmr/m/n/7.52812 Barret Schloerke, Yihui Xie, Jeff Allen, et al. 2024.
 []


Underfull \hbox (badness 1558) in paragraph at lines 1020--1027
\OT1/cmr/m/n/7.52812 Hyporheic Zone Affect Redd Site Selection by Chum
 []


Underfull \hbox (badness 3803) in paragraph at lines 1020--1027
\OT1/cmr/m/n/7.52812 Salmon and Fall Chinook Salmon in the Columbia
 []


Underfull \vbox (badness 10000) has occurred while \output is active []




Underfull \hbox (badness 2698) in paragraph at lines 1029--1034
\OT1/cmr/m/n/7.52812 Components of Thermal Regimes in Mountain River
 []


Underfull \hbox (badness 1077) in paragraph at lines 1036--1041
\OT1/cmr/m/it/7.52812 Biology \OT1/cmr/m/n/7.52812 21 (7): 2540--53. []$\OT1/cmtt/m/n/7.52812 https : / / doi . org / 10 . 1111 / gcb .
 []


Underfull \hbox (badness 1215) in paragraph at lines 1043--1049
\OT1/cmr/m/n/7.52812 and Seth M. White. 2021. ``Temperature, Emergence
 []


Underfull \hbox (badness 5862) in paragraph at lines 1051--1054
[]\OT1/cmr/m/n/7.52812 Mason, JC. 1976. ``Some Features of Coho Salmon,
 []


Underfull \hbox (badness 1895) in paragraph at lines 1051--1054
\OT1/cmr/m/n/7.52812 Oncorhynchus Kisutch, Fry Emerging from Simulated
 []


Underfull \hbox (badness 1163) in paragraph at lines 1081--1086
[]\OT1/cmr/m/n/7.52812 Small, Brian C., and Terry D. Bates. 2001. ``Effect of
 []


Underfull \hbox (badness 5504) in paragraph at lines 1102--1108
[]\OT1/cmr/m/n/7.52812 Sparks, Morgan M., Joshua C. Kraft, Kliffi M. S.
 []


Underfull \vbox (badness 10000) has occurred while \output is active []




Overfull \hbox (253.25pt too wide) has occurred while \output is active
[][][] 
 []


Overfull \vbox (1.0pt too high) has occurred while \output is active []

[7
Non-PDF special ignored!
<special> ps: [{ThisPage} << /CropBox [0 0 595.26013 782.33696] >> /PUT pdf...
]
Underfull \hbox (badness 1571) in paragraph at lines 1122--1126
[]\OT1/cmr/m/n/7.52812 Webster, Dwight A. 1948. ``Relation of Temperature to
 []





[leftcolumn badness]: 1000000 on 24.03621pt
[rightcolumn badness]: 1000000 on 24.03621pt
[leftcolumn badness]: 1000000 on 24.03621pt
[rightcolumn badness]: 1000000 on 24.03621pt
[leftcolumn badness]: 1000000 on 24.03621pt
[rightcolumn badness]: 1000000 on 24.03621pt
[leftcolumn badness]: 1000000 on 24.03621pt
[rightcolumn badness]: 1000000 on 24.03621pt
[leftcolumn badness]: 1000000 on 24.03621pt
[rightcolumn badness]: 1000000 on 24.03621pt
[leftcolumn badness]: 1000000 on 24.03621pt
[rightcolumn badness]: 1000000 on 24.03621pt
[leftcolumn badness]: 1000000 on 24.03621pt
[rightcolumn badness]: 1000000 on 24.03621pt
[leftcolumn badness]: 1000000 on 24.03621pt
[rightcolumn badness]: 1000000 on 24.03621pt
[leftcolumn badness]: 1000000 on 24.03621pt
[rightcolumn badness]: 1000000 on 24.03621pt
[leftcolumn badness]: 1000000 on 24.03621pt
[rightcolumn badness]: 1000000 on 24.03621pt
[leftcolumn badness]: 1000000 on 24.03621pt
[rightcolumn badness]: 1000000 on 24.03621pt
[leftcolumn badness]: 1000000 on 24.03621pt
[rightcolumn badness]: 1000000 on 24.03621pt
[leftcolumn badness]: 1000000 on 24.03621pt
[rightcolumn badness]: 1000000 on 24.03621pt
[leftcolumn badness]: 1000000 on 24.03621pt
[rightcolumn badness]: 1000000 on 24.03621pt
[leftcolumn badness]: 1000000 on 24.03621pt
[rightcolumn badness]: 1000000 on 24.03621pt
- LAST -
Extra skip:48.96379pt
Left:212.0pt/1.46379pt
Right:164.5pt/0.0pt
Split: 212.75pt
Output:212.75pt
Pageshrink: 0.0pt
Pagestretch: 0.0pt
@colht:671.5pt
FLUSHEND [output]: 212.75pt
FLUSHEND [leftcolumn badness]: 2
FUSHEND [rightcolumn badness]: 10000

Overfull \hbox (253.25pt too wide) has occurred while \output is active
[][][] 
 []

[8
Non-PDF special ignored!
<special> ps: [{ThisPage} << /CropBox [0 0 595.26013 782.33696] >> /PUT pdf...
] (./paper_oxford.aux)
 ***********
LaTeX2e <2024-11-01> patch level 1
L3 programming layer <2024-12-25>
 ***********

LaTeX Font Warning: Some font shapes were not available, defaults substituted.

Package rerunfilecheck Info: File `paper_oxford.out' has not changed.
(rerunfilecheck)             Checksum: 4597832FEACD7337E047439A7E2ADA91;2435.
 ) 
Here is how much of TeX's memory you used:
 26327 strings out of 475178
 489867 string characters out of 5764679
 889920 words of memory out of 5000000
 48780 multiletter control sequences out of 15000+600000
 581489 words of font info for 122 fonts, out of 8000000 for 9000
 18 hyphenation exceptions out of 8191
 99i,10n,101p,17355b,568s stack positions out of 10000i,1000n,20000p,200000b,200000s
 </Users/morgan.sparks/Library/TinyTeX/texmf-var/fonts/pk/ljfour/jknappen/ec/tctt0800.565pk> </Users/morgan.sparks/Library/TinyTeX/texmf-var/fonts/pk/ljfour/jknappen/ec/tcit0800.565pk> </Users/morgan.sparks/Library/TinyTeX/texmf-var/fonts/pk/ljfour/jknappen/ec/tcrm0700.645pk> </Users/morgan.sparks/Library/TinyTeX/texmf-var/fonts/pk/ljfour/jknappen/ec/tcrm0600.650pk> </Users/morgan.sparks/Library/TinyTeX/texmf-var/fonts/pk/ljfour/jknappen/ec/tcrm0500.548pk> </Users/morgan.sparks/Library/TinyTeX/texmf-var/fonts/pk/ljfour/jknappen/ec/tcrm0900.609pk></Users/morgan.sparks/Library/TinyTeX/texmf-dist/fonts/type1/public/amsfonts/cm/cmb10.pfb></Users/morgan.sparks/Library/TinyTeX/texmf-dist/fonts/type1/public/amsfonts/cm/cmbx12.pfb></Users/morgan.sparks/Library/TinyTeX/texmf-dist/fonts/type1/public/amsfonts/cm/cmbx6.pfb></Users/morgan.sparks/Library/TinyTeX/texmf-dist/fonts/type1/public/amsfonts/cm/cmbx7.pfb></Users/morgan.sparks/Library/TinyTeX/texmf-dist/fonts/type1/public/amsfonts/cm/cmbx8.pfb></Users/morgan.sparks/Library/TinyTeX/texmf-dist/fonts/type1/public/amsfonts/cm/cmbx9.pfb></Users/morgan.sparks/Library/TinyTeX/texmf-dist/fonts/type1/public/amsfonts/cmextra/cmex8.pfb></Users/morgan.sparks/Library/TinyTeX/texmf-dist/fonts/type1/public/amsfonts/cm/cmitt10.pfb></Users/morgan.sparks/Library/TinyTeX/texmf-dist/fonts/type1/public/amsfonts/cm/cmmi5.pfb></Users/morgan.sparks/Library/TinyTeX/texmf-dist/fonts/type1/public/amsfonts/cm/cmmi7.pfb></Users/morgan.sparks/Library/TinyTeX/texmf-dist/fonts/type1/public/amsfonts/cm/cmr10.pfb></Users/morgan.sparks/Library/TinyTeX/texmf-dist/fonts/type1/public/amsfonts/cm/cmr12.pfb></Users/morgan.sparks/Library/TinyTeX/texmf-dist/fonts/type1/public/amsfonts/cm/cmr5.pfb></Users/morgan.sparks/Library/TinyTeX/texmf-dist/fonts/type1/public/amsfonts/cm/cmr6.pfb></Users/morgan.sparks/Library/TinyTeX/texmf-dist/fonts/type1/public/amsfonts/cm/cmr7.pfb></Users/morgan.sparks/Library/TinyTeX/texmf-dist/fonts/type1/public/amsfonts/cm/cmr8.pfb></Users/morgan.sparks/Library/TinyTeX/texmf-dist/fonts/type1/public/amsfonts/cm/cmr9.pfb></Users/morgan.sparks/Library/TinyTeX/texmf-dist/fonts/type1/public/amsfonts/cm/cmsy7.pfb></Users/morgan.sparks/Library/TinyTeX/texmf-dist/fonts/type1/public/amsfonts/cm/cmti7.pfb></Users/morgan.sparks/Library/TinyTeX/texmf-dist/fonts/type1/public/amsfonts/cm/cmti8.pfb></Users/morgan.sparks/Library/TinyTeX/texmf-dist/fonts/type1/public/amsfonts/cm/cmtt8.pfb>
Output written on paper_oxford.pdf (8 pages, 1456304 bytes).
PDF statistics:
 370 PDF objects out of 1000 (max. 8388607)
 300 compressed objects within 3 object streams
 65 named destinations out of 1000 (max. 500000)
 169 words of extra memory for PDF output out of 10000 (max. 10000000)

